  Application.cpp
  Main.cpp
  Mesh.cpp
C:\Users\user\Developer\game-engine\Source\Mesh.cpp(50,34): warning C4267: '=': conversion from 'size_t' to 'unsigned int', possible loss of data
C:\Users\user\Developer\game-engine\Source\Mesh.cpp(102,61): warning C4267: '=': conversion from 'size_t' to 'unsigned int', possible loss of data
  Model.cpp
C:\Users\user\Developer\game-engine\Source\tiny_gltf.h(3037,17): warning C4018: '>=': signed/unsigned mismatch
C:\Users\user\Developer\game-engine\Source\tiny_gltf.h(3132,17): warning C4018: '>=': signed/unsigned mismatch
C:\Users\user\Developer\game-engine\Source\tiny_gltf.h(5185,60): warning C4267: 'argument': conversion from 'size_t' to 'int', possible loss of data
  ModuleCamera.cpp
  ModuleEditor.cpp
  ModuleInput.cpp
C:\Users\user\Developer\game-engine\Source\ModuleInput.cpp(125,36): warning C4244: '=': conversion from 'Sint32' to 'float', possible loss of data
C:\Users\user\Developer\game-engine\Source\ModuleInput.cpp(126,36): warning C4244: '=': conversion from 'Sint32' to 'float', possible loss of data
C:\Users\user\Developer\game-engine\Source\ModuleInput.cpp(127,29): warning C4244: '=': conversion from 'Sint32' to 'float', possible loss of data
C:\Users\user\Developer\game-engine\Source\ModuleInput.cpp(128,29): warning C4244: '=': conversion from 'Sint32' to 'float', possible loss of data
  ModuleLoader.cpp
  ModuleOpenGL.cpp
  ModuleProgram.cpp
  ModuleRenderAssignment.cpp
  ModuleRenderExercise.cpp
  ModuleRenderQuad.cpp
  ModuleRenderTransformation.cpp
  ModuleWindow.cpp
LINK : warning LNK4075: ignoring '/INCREMENTAL' due to '/LTCG' specification
  Generating code
  9 of 6597 functions ( 0.1%) were compiled, the rest were copied from previous compilation.
    0 functions were new in current compilation
    88 functions had inline decision re-evaluated but remain unchanged
  Finished generating code
  Engine.vcxproj -> C:\Users\user\Developer\game-engine\Source\x64\Release\Engine.exe
